<?xml version="1.0" encoding="UTF-8"?>
<testng-results skipped="0" failed="0" ignored="0" total="1" passed="1">
  <reporter-output>
  </reporter-output>
  <suite name="Default suite" duration-ms="4476" started-at="2023-03-27T17:49:15Z" finished-at="2023-03-27T17:49:20Z">
    <groups>
    </groups>
    <test name="Default test" duration-ms="4476" started-at="2023-03-27T17:49:15Z" finished-at="2023-03-27T17:49:20Z">
      <class name="com.demo.Testing1">
        <test-method status="PASS" signature="test1()[pri:0, instance:com.demo.Testing1@5cee5251]" name="test1" duration-ms="4440" started-at="2023-03-27T17:49:15Z" finished-at="2023-03-27T17:49:20Z">
          <reporter-output>
          </reporter-output>
        </test-method> <!-- test1 -->
      </class> <!-- com.demo.Testing1 -->
    </test> <!-- Default test -->
  </suite> <!-- Default suite -->
</testng-results>
